17:43:21,062 1.1.0.M2  INFO main util.XdConfigLoggingInitializer - XD Home: /home/mpollack/software/spring-xd-1.1.0.M2/xd
17:43:21,066 1.1.0.M2  INFO main util.XdConfigLoggingInitializer - Transport: local
17:43:21,067 1.1.0.M2  INFO main util.XdConfigLoggingInitializer - XD config location: file:/home/mpollack/software/spring-xd-1.1.0.M2/xd/config
17:43:21,068 1.1.0.M2  INFO main util.XdConfigLoggingInitializer - XD config names: servers
17:43:21,068 1.1.0.M2  INFO main util.XdConfigLoggingInitializer - XD module config location: file:/home/mpollack/software/spring-xd-1.1.0.M2/xd/config/modules/
17:43:21,068 1.1.0.M2  INFO main util.XdConfigLoggingInitializer - XD module config name: modules
17:43:21,069 1.1.0.M2  INFO main util.XdConfigLoggingInitializer - Admin web UI: http://feynman:54644/admin-ui
17:43:21,069 1.1.0.M2  INFO main util.XdConfigLoggingInitializer - Zookeeper at: localhost:48081
17:43:21,069 1.1.0.M2  INFO main util.XdConfigLoggingInitializer - Zookeeper namespace: xd
17:43:21,069 1.1.0.M2  INFO main util.XdConfigLoggingInitializer - Analytics: memory
17:43:21,145 1.1.0.M2  INFO LeaderSelector-0 server.DeploymentSupervisor - Leader Admin application:default,admin,singlenode,hsqldbServer:54644 is watching for stream/job deployment requests.
17:43:21,327 1.1.0.M2  INFO DeploymentSupervisor-0 server.ContainerListener - Path cache event: type=INITIALIZED
17:43:21,330 1.1.0.M2  INFO main server.AdminServerApplication - Started AdminServerApplication in 5.635 seconds (JVM running for 13.302)
17:43:22,868 1.1.0.M2  INFO main util.XdConfigLoggingInitializer - XD Home: /home/mpollack/software/spring-xd-1.1.0.M2/xd
17:43:22,868 1.1.0.M2  INFO main util.XdConfigLoggingInitializer - Transport: local
17:43:22,868 1.1.0.M2  INFO main util.XdConfigLoggingInitializer - XD config location: file:/home/mpollack/software/spring-xd-1.1.0.M2/xd/config
17:43:22,868 1.1.0.M2  INFO main util.XdConfigLoggingInitializer - XD config names: servers
17:43:22,869 1.1.0.M2  INFO main util.XdConfigLoggingInitializer - XD module config location: file:/home/mpollack/software/spring-xd-1.1.0.M2/xd/config/modules/
17:43:22,869 1.1.0.M2  INFO main util.XdConfigLoggingInitializer - XD module config name: modules
17:43:22,869 1.1.0.M2  INFO main util.XdConfigLoggingInitializer - Container IP address: 192.168.70.136
17:43:22,869 1.1.0.M2  INFO main util.XdConfigLoggingInitializer - Container hostname:   feynman
17:43:22,869 1.1.0.M2  INFO main util.XdConfigLoggingInitializer - Hadoop Distro: hadoop25
17:43:22,871 1.1.0.M2  INFO main util.XdConfigLoggingInitializer - Hadoop version detected from classpath: 2.3.0
17:43:22,871 1.1.0.M2  INFO main util.XdConfigLoggingInitializer - Zookeeper at: localhost:48081
17:43:22,871 1.1.0.M2  INFO main util.XdConfigLoggingInitializer - Zookeeper namespace: xd
17:43:22,871 1.1.0.M2  INFO main util.XdConfigLoggingInitializer - Analytics: memory
17:43:22,892 1.1.0.M2  INFO main server.ContainerRegistrar - Container {ip=192.168.70.136, host=feynman, groups=, pid=22099, id=fa19fd28-3ea7-4fa6-9131-9466c604d87b} joined cluster
17:43:22,894 1.1.0.M2  INFO DeploymentSupervisor-0 server.ContainerListener - Path cache event: path=/containers/fa19fd28-3ea7-4fa6-9131-9466c604d87b, type=CHILD_ADDED
17:43:22,894 1.1.0.M2  INFO main server.ContainerServerApplication - Started ContainerServerApplication in 0.663 seconds (JVM running for 14.866)
17:43:22,906 1.1.0.M2  INFO DeploymentSupervisor-0 server.ContainerListener - Container arrived: Container{name='fa19fd28-3ea7-4fa6-9131-9466c604d87b', attributes={ip=192.168.70.136, host=feynman, groups=, pid=22099, id=fa19fd28-3ea7-4fa6-9131-9466c604d87b}}
17:43:22,907 1.1.0.M2  INFO DeploymentSupervisor-0 server.ContainerListener - Scheduling deployments to new container(s) in 15000 ms 
17:43:22,920 1.1.0.M2  INFO DeploymentsPathChildrenCache-0 server.DeploymentListener - Path cache event: type=INITIALIZED
17:43:23,428 1.1.0.M2  INFO DeploymentSupervisor-0 server.InitialDeploymentListener - Path cache event: path=/deployments/streams/testMovingAverage, type=CHILD_ADDED
17:43:23,475 1.1.0.M2  INFO DeploymentSupervisor-0 server.StreamDeploymentListener - Deploying stream Stream{name='testMovingAverage'}
17:43:23,492 1.1.0.M2  INFO DeploymentsPathChildrenCache-0 server.DeploymentListener - Path cache event: path=/deployments/modules/allocated/fa19fd28-3ea7-4fa6-9131-9466c604d87b/testMovingAverage.processor.reactor-moving-average.1, type=CHILD_ADDED
17:43:23,493 1.1.0.M2  INFO DeploymentsPathChildrenCache-0 server.DeploymentListener - Deploying module 'reactor-moving-average' for stream 'testMovingAverage'
17:43:23,546 1.1.0.M2  INFO DeploymentsPathChildrenCache-0 server.DeploymentListener - Deploying module [ModuleDescriptor@5caad6a1 moduleName = 'reactor-moving-average', moduleLabel = 'reactor-moving-average', group = 'testMovingAverage', sourceChannelName = 'queue:producer', sinkChannelName = 'queue:consumer', index = 0, type = processor, parameters = map[[empty]], children = list[[empty]]]
17:43:23,823 1.1.0.M2  INFO DeploymentSupervisor-0 server.StreamDeploymentListener - Deployment status for stream 'testMovingAverage': DeploymentStatus{state=deployed}
17:43:23,825 1.1.0.M2  INFO DeploymentSupervisor-0 server.StreamDeploymentListener - Stream Stream{name='testMovingAverage'} deployment attempt complete
17:43:28,895 1.1.0.M2  INFO main-EventThread server.DeploymentListener - Undeploying module [ModuleDescriptor@5caad6a1 moduleName = 'reactor-moving-average', moduleLabel = 'reactor-moving-average', group = 'testMovingAverage', sourceChannelName = 'queue:producer', sinkChannelName = 'queue:consumer', index = 0, type = processor, parameters = map[[empty]], children = list[[empty]]]
17:43:28,912 1.1.0.M2  INFO DeploymentsPathChildrenCache-0 server.DeploymentListener - Path cache event: path=/deployments/modules/allocated/fa19fd28-3ea7-4fa6-9131-9466c604d87b/testMovingAverage.processor.reactor-moving-average.1, type=CHILD_REMOVED
17:43:28,912 1.1.0.M2  INFO DeploymentSupervisor-0 server.InitialDeploymentListener - Path cache event: path=/deployments/streams/testMovingAverage, type=CHILD_REMOVED
17:43:29,047 1.1.0.M2  INFO DeploymentSupervisor-0 server.InitialDeploymentListener - Path cache event: path=/deployments/streams/testMovingAverageJson, type=CHILD_ADDED
17:43:29,093 1.1.0.M2  INFO DeploymentSupervisor-0 server.StreamDeploymentListener - Deploying stream Stream{name='testMovingAverageJson'}
17:43:29,119 1.1.0.M2  INFO DeploymentsPathChildrenCache-0 server.DeploymentListener - Path cache event: path=/deployments/modules/allocated/fa19fd28-3ea7-4fa6-9131-9466c604d87b/testMovingAverageJson.processor.reactor-moving-average.1, type=CHILD_ADDED
17:43:29,120 1.1.0.M2  INFO DeploymentsPathChildrenCache-0 server.DeploymentListener - Deploying module 'reactor-moving-average' for stream 'testMovingAverageJson'
17:43:29,178 1.1.0.M2  INFO DeploymentsPathChildrenCache-0 server.DeploymentListener - Deploying module [ModuleDescriptor@39d528a0 moduleName = 'reactor-moving-average', moduleLabel = 'reactor-moving-average', group = 'testMovingAverageJson', sourceChannelName = 'queue:producer', sinkChannelName = 'queue:consumer', index = 0, type = processor, parameters = map['inputType' -> 'application/x-xd-tuple'], children = list[[empty]]]
17:43:29,299 1.1.0.M2  INFO DeploymentSupervisor-0 server.StreamDeploymentListener - Deployment status for stream 'testMovingAverageJson': DeploymentStatus{state=deployed}
17:43:29,301 1.1.0.M2  INFO DeploymentSupervisor-0 server.StreamDeploymentListener - Stream Stream{name='testMovingAverageJson'} deployment attempt complete
17:43:34,335 1.1.0.M2  INFO main-EventThread server.DeploymentListener - Undeploying module [ModuleDescriptor@39d528a0 moduleName = 'reactor-moving-average', moduleLabel = 'reactor-moving-average', group = 'testMovingAverageJson', sourceChannelName = 'queue:producer', sinkChannelName = 'queue:consumer', index = 0, type = processor, parameters = map['inputType' -> 'application/x-xd-tuple'], children = list[[empty]]]
17:43:34,354 1.1.0.M2  INFO DeploymentSupervisor-0 server.InitialDeploymentListener - Path cache event: path=/deployments/streams/testMovingAverageJson, type=CHILD_REMOVED
17:43:34,354 1.1.0.M2  INFO DeploymentsPathChildrenCache-0 server.DeploymentListener - Path cache event: path=/deployments/modules/allocated/fa19fd28-3ea7-4fa6-9131-9466c604d87b/testMovingAverageJson.processor.reactor-moving-average.1, type=CHILD_REMOVED
17:43:34,417 1.1.0.M2  INFO LeaderSelector-0 server.DeploymentSupervisor - Leadership canceled due to thread interrupt
